mode: atomic
mode: atomic
mode: atomic
gitlab.com/tbacompany/gitector/reader/converter.go:7.67,9.19 2 1
gitlab.com/tbacompany/gitector/reader/converter.go:9.19,11.3 1 0
gitlab.com/tbacompany/gitector/reader/converter.go:11.8,13.3 1 1
gitlab.com/tbacompany/gitector/reader/converter.go:16.50,24.2 4 2
gitlab.com/tbacompany/gitector/reader/direct_input_reader.go:8.36,14.2 5 0
gitlab.com/tbacompany/gitector/reader/directory_reader.go:9.64,17.51 8 0
gitlab.com/tbacompany/gitector/reader/directory_reader.go:21.2,22.15 2 0
gitlab.com/tbacompany/gitector/reader/directory_reader.go:17.51,20.3 2 0
gitlab.com/tbacompany/gitector/reader/reader.go:24.58,25.36 1 0
gitlab.com/tbacompany/gitector/reader/reader.go:25.36,27.3 1 0
gitlab.com/tbacompany/gitector/reader/reader.go:27.8,29.3 1 0
mode: atomic
gitlab.com/tbacompany/gitector/rules/max_characters.go:7.54,9.2 1 2
gitlab.com/tbacompany/gitector/rules/max_characters.go:11.88,18.2 1 0
gitlab.com/tbacompany/gitector/rules/rules.go:14.55,17.35 3 0
gitlab.com/tbacompany/gitector/rules/rules.go:21.2,21.15 1 0
gitlab.com/tbacompany/gitector/rules/rules.go:17.35,20.3 2 0
gitlab.com/tbacompany/gitector/rules/rules.go:24.82,27.61 2 0
gitlab.com/tbacompany/gitector/rules/rules.go:31.2,31.75 1 0
gitlab.com/tbacompany/gitector/rules/rules.go:35.2,35.67 1 0
gitlab.com/tbacompany/gitector/rules/rules.go:39.2,39.15 1 0
gitlab.com/tbacompany/gitector/rules/rules.go:27.61,29.3 1 0
gitlab.com/tbacompany/gitector/rules/rules.go:31.75,33.3 1 0
gitlab.com/tbacompany/gitector/rules/rules.go:35.67,37.3 1 0
gitlab.com/tbacompany/gitector/rules/ticket_number.go:10.62,13.2 2 2
gitlab.com/tbacompany/gitector/rules/ticket_number.go:15.96,22.2 1 0
gitlab.com/tbacompany/gitector/rules/config.go:20.36,26.2 1 0
gitlab.com/tbacompany/gitector/rules/config.go:28.33,32.49 3 0
gitlab.com/tbacompany/gitector/rules/config.go:39.2,45.15 2 0
gitlab.com/tbacompany/gitector/rules/config.go:32.49,37.3 4 0
gitlab.com/tbacompany/gitector/rules/contain_email_address.go:10.62,12.30 2 3
gitlab.com/tbacompany/gitector/rules/contain_email_address.go:15.2,15.23 1 2
gitlab.com/tbacompany/gitector/rules/contain_email_address.go:19.2,19.36 1 2
gitlab.com/tbacompany/gitector/rules/contain_email_address.go:24.2,24.14 1 1
gitlab.com/tbacompany/gitector/rules/contain_email_address.go:12.30,14.3 1 1
gitlab.com/tbacompany/gitector/rules/contain_email_address.go:15.23,17.3 1 0
gitlab.com/tbacompany/gitector/rules/contain_email_address.go:19.36,20.38 1 3
gitlab.com/tbacompany/gitector/rules/contain_email_address.go:20.38,22.4 1 1
gitlab.com/tbacompany/gitector/rules/contain_email_address.go:27.96,34.2 1 0
mode: atomic
mode: atomic
mode: atomic
mode: atomic
mode: atomic
mode: atomic
gitlab.com/tbacompany/gitector/printer/console.go:9.50,10.33 1 0
gitlab.com/tbacompany/gitector/printer/console.go:14.2,15.21 2 0
gitlab.com/tbacompany/gitector/printer/console.go:10.33,13.3 2 0
gitlab.com/tbacompany/gitector/printer/console.go:15.21,17.3 1 0
gitlab.com/tbacompany/gitector/printer/console.go:17.8,19.3 1 0
gitlab.com/tbacompany/gitector/printer/html.go:8.48,10.2 0 0
gitlab.com/tbacompany/gitector/printer/html.go:12.51,15.21 2 1
gitlab.com/tbacompany/gitector/printer/html.go:21.2,21.33 1 1
gitlab.com/tbacompany/gitector/printer/html.go:24.2,24.22 1 1
gitlab.com/tbacompany/gitector/printer/html.go:15.21,17.3 1 1
gitlab.com/tbacompany/gitector/printer/html.go:17.8,19.3 1 0
gitlab.com/tbacompany/gitector/printer/html.go:21.33,23.3 1 2
gitlab.com/tbacompany/gitector/printer/markdown.go:11.55,12.22 1 1
gitlab.com/tbacompany/gitector/printer/markdown.go:16.2,18.33 3 1
gitlab.com/tbacompany/gitector/printer/markdown.go:21.2,21.25 1 1
gitlab.com/tbacompany/gitector/printer/markdown.go:12.22,14.3 1 0
gitlab.com/tbacompany/gitector/printer/markdown.go:18.33,20.3 1 2
mode: atomic
gitlab.com/tbacompany/gitector/reader/direct_input_reader.go:8.36,14.2 5 0
gitlab.com/tbacompany/gitector/reader/directory_reader.go:12.78,16.33 3 0
gitlab.com/tbacompany/gitector/reader/directory_reader.go:16.33,20.111 3 0
gitlab.com/tbacompany/gitector/reader/directory_reader.go:24.3,24.16 1 0
gitlab.com/tbacompany/gitector/reader/directory_reader.go:20.111,23.4 2 0
gitlab.com/tbacompany/gitector/reader/directory_reader.go:25.8,27.3 1 0
gitlab.com/tbacompany/gitector/reader/directory_reader.go:31.46,33.2 1 0
gitlab.com/tbacompany/gitector/reader/directory_reader.go:35.53,37.2 1 0
gitlab.com/tbacompany/gitector/reader/directory_reader.go:39.76,40.22 1 0
gitlab.com/tbacompany/gitector/reader/directory_reader.go:40.22,43.3 2 0
gitlab.com/tbacompany/gitector/reader/directory_reader.go:43.8,46.3 2 0
gitlab.com/tbacompany/gitector/reader/directory_reader.go:49.119,54.45 3 0
gitlab.com/tbacompany/gitector/reader/directory_reader.go:54.45,55.51 1 0
gitlab.com/tbacompany/gitector/reader/directory_reader.go:58.3,58.15 1 0
gitlab.com/tbacompany/gitector/reader/directory_reader.go:55.51,57.4 1 0
gitlab.com/tbacompany/gitector/reader/reader.go:25.58,26.36 1 0
gitlab.com/tbacompany/gitector/reader/reader.go:26.36,28.3 1 0
gitlab.com/tbacompany/gitector/reader/reader.go:28.8,30.3 1 0
gitlab.com/tbacompany/gitector/reader/converter.go:7.67,9.19 2 1
gitlab.com/tbacompany/gitector/reader/converter.go:9.19,11.3 1 0
gitlab.com/tbacompany/gitector/reader/converter.go:11.8,13.3 1 1
gitlab.com/tbacompany/gitector/reader/converter.go:16.50,24.2 4 2
mode: atomic
gitlab.com/tbacompany/gitector/rules/contain_email_address.go:10.62,12.30 2 3
gitlab.com/tbacompany/gitector/rules/contain_email_address.go:15.2,15.23 1 2
gitlab.com/tbacompany/gitector/rules/contain_email_address.go:19.2,19.36 1 2
gitlab.com/tbacompany/gitector/rules/contain_email_address.go:24.2,24.14 1 1
gitlab.com/tbacompany/gitector/rules/contain_email_address.go:12.30,14.3 1 1
gitlab.com/tbacompany/gitector/rules/contain_email_address.go:15.23,17.3 1 0
gitlab.com/tbacompany/gitector/rules/contain_email_address.go:19.36,20.38 1 3
gitlab.com/tbacompany/gitector/rules/contain_email_address.go:20.38,22.4 1 1
gitlab.com/tbacompany/gitector/rules/contain_email_address.go:27.96,34.2 1 0
gitlab.com/tbacompany/gitector/rules/max_characters.go:7.54,9.2 1 2
gitlab.com/tbacompany/gitector/rules/max_characters.go:11.88,18.2 1 0
gitlab.com/tbacompany/gitector/rules/rules.go:14.55,17.35 3 0
gitlab.com/tbacompany/gitector/rules/rules.go:21.2,21.15 1 0
gitlab.com/tbacompany/gitector/rules/rules.go:17.35,20.3 2 0
gitlab.com/tbacompany/gitector/rules/rules.go:24.82,27.61 2 0
gitlab.com/tbacompany/gitector/rules/rules.go:31.2,31.75 1 0
gitlab.com/tbacompany/gitector/rules/rules.go:35.2,35.67 1 0
gitlab.com/tbacompany/gitector/rules/rules.go:39.2,39.15 1 0
gitlab.com/tbacompany/gitector/rules/rules.go:27.61,29.3 1 0
gitlab.com/tbacompany/gitector/rules/rules.go:31.75,33.3 1 0
gitlab.com/tbacompany/gitector/rules/rules.go:35.67,37.3 1 0
gitlab.com/tbacompany/gitector/rules/ticket_number.go:10.62,13.2 2 2
gitlab.com/tbacompany/gitector/rules/ticket_number.go:15.96,22.2 1 0
gitlab.com/tbacompany/gitector/rules/config.go:20.36,26.2 1 0
gitlab.com/tbacompany/gitector/rules/config.go:28.33,32.49 3 0
gitlab.com/tbacompany/gitector/rules/config.go:39.2,45.15 2 0
gitlab.com/tbacompany/gitector/rules/config.go:32.49,37.3 4 0
mode: atomic
mode: atomic
mode: atomic
gitlab.com/tbacompany/gitector/printer/console.go:9.50,10.33 1 0
gitlab.com/tbacompany/gitector/printer/console.go:14.2,15.21 2 0
gitlab.com/tbacompany/gitector/printer/console.go:10.33,13.3 2 0
gitlab.com/tbacompany/gitector/printer/console.go:15.21,17.3 1 0
gitlab.com/tbacompany/gitector/printer/console.go:17.8,19.3 1 0
gitlab.com/tbacompany/gitector/printer/html.go:8.48,10.2 0 0
gitlab.com/tbacompany/gitector/printer/html.go:12.51,15.21 2 1
gitlab.com/tbacompany/gitector/printer/html.go:21.2,21.33 1 1
gitlab.com/tbacompany/gitector/printer/html.go:24.2,24.22 1 1
gitlab.com/tbacompany/gitector/printer/html.go:15.21,17.3 1 1
gitlab.com/tbacompany/gitector/printer/html.go:17.8,19.3 1 0
gitlab.com/tbacompany/gitector/printer/html.go:21.33,23.3 1 2
gitlab.com/tbacompany/gitector/printer/markdown.go:11.55,12.22 1 1
gitlab.com/tbacompany/gitector/printer/markdown.go:16.2,18.33 3 1
gitlab.com/tbacompany/gitector/printer/markdown.go:21.2,21.25 1 1
gitlab.com/tbacompany/gitector/printer/markdown.go:12.22,14.3 1 0
gitlab.com/tbacompany/gitector/printer/markdown.go:18.33,20.3 1 2
mode: atomic
gitlab.com/tbacompany/gitector/reader/converter.go:7.67,9.19 2 1
gitlab.com/tbacompany/gitector/reader/converter.go:9.19,11.3 1 0
gitlab.com/tbacompany/gitector/reader/converter.go:11.8,13.3 1 1
gitlab.com/tbacompany/gitector/reader/converter.go:16.50,24.2 4 2
gitlab.com/tbacompany/gitector/reader/direct_input_reader.go:8.36,14.2 5 0
gitlab.com/tbacompany/gitector/reader/directory_reader.go:12.78,16.33 3 0
gitlab.com/tbacompany/gitector/reader/directory_reader.go:16.33,20.111 3 0
gitlab.com/tbacompany/gitector/reader/directory_reader.go:24.3,24.16 1 0
gitlab.com/tbacompany/gitector/reader/directory_reader.go:20.111,23.4 2 0
gitlab.com/tbacompany/gitector/reader/directory_reader.go:25.8,27.3 1 0
gitlab.com/tbacompany/gitector/reader/directory_reader.go:31.46,33.2 1 0
gitlab.com/tbacompany/gitector/reader/directory_reader.go:35.53,37.2 1 0
gitlab.com/tbacompany/gitector/reader/directory_reader.go:39.76,40.22 1 0
gitlab.com/tbacompany/gitector/reader/directory_reader.go:40.22,43.3 2 0
gitlab.com/tbacompany/gitector/reader/directory_reader.go:43.8,46.3 2 0
gitlab.com/tbacompany/gitector/reader/directory_reader.go:49.119,54.45 3 0
gitlab.com/tbacompany/gitector/reader/directory_reader.go:54.45,55.51 1 0
gitlab.com/tbacompany/gitector/reader/directory_reader.go:58.3,58.15 1 0
gitlab.com/tbacompany/gitector/reader/directory_reader.go:55.51,57.4 1 0
gitlab.com/tbacompany/gitector/reader/reader.go:25.58,26.36 1 0
gitlab.com/tbacompany/gitector/reader/reader.go:26.36,28.3 1 0
gitlab.com/tbacompany/gitector/reader/reader.go:28.8,30.3 1 0
mode: atomic
gitlab.com/tbacompany/gitector/rules/max_characters.go:7.54,9.2 1 2
gitlab.com/tbacompany/gitector/rules/max_characters.go:11.88,18.2 1 0
gitlab.com/tbacompany/gitector/rules/rules.go:14.55,17.35 3 0
gitlab.com/tbacompany/gitector/rules/rules.go:21.2,21.15 1 0
gitlab.com/tbacompany/gitector/rules/rules.go:17.35,20.3 2 0
gitlab.com/tbacompany/gitector/rules/rules.go:24.82,27.61 2 0
gitlab.com/tbacompany/gitector/rules/rules.go:31.2,31.75 1 0
gitlab.com/tbacompany/gitector/rules/rules.go:35.2,35.67 1 0
gitlab.com/tbacompany/gitector/rules/rules.go:39.2,39.15 1 0
gitlab.com/tbacompany/gitector/rules/rules.go:27.61,29.3 1 0
gitlab.com/tbacompany/gitector/rules/rules.go:31.75,33.3 1 0
gitlab.com/tbacompany/gitector/rules/rules.go:35.67,37.3 1 0
gitlab.com/tbacompany/gitector/rules/ticket_number.go:10.62,13.2 2 2
gitlab.com/tbacompany/gitector/rules/ticket_number.go:15.96,22.2 1 0
gitlab.com/tbacompany/gitector/rules/config.go:20.36,26.2 1 0
gitlab.com/tbacompany/gitector/rules/config.go:28.33,32.49 3 0
gitlab.com/tbacompany/gitector/rules/config.go:39.2,45.15 2 0
gitlab.com/tbacompany/gitector/rules/config.go:32.49,37.3 4 0
gitlab.com/tbacompany/gitector/rules/contain_email_address.go:10.62,12.30 2 3
gitlab.com/tbacompany/gitector/rules/contain_email_address.go:15.2,15.23 1 2
gitlab.com/tbacompany/gitector/rules/contain_email_address.go:19.2,19.36 1 2
gitlab.com/tbacompany/gitector/rules/contain_email_address.go:24.2,24.14 1 1
gitlab.com/tbacompany/gitector/rules/contain_email_address.go:12.30,14.3 1 1
gitlab.com/tbacompany/gitector/rules/contain_email_address.go:15.23,17.3 1 0
gitlab.com/tbacompany/gitector/rules/contain_email_address.go:19.36,20.38 1 3
gitlab.com/tbacompany/gitector/rules/contain_email_address.go:20.38,22.4 1 1
gitlab.com/tbacompany/gitector/rules/contain_email_address.go:27.96,34.2 1 0
mode: atomic
mode: atomic
mode: atomic
mode: atomic
mode: atomic
mode: atomic
gitlab.com/tbacompany/gitector/printer/console.go:9.50,10.33 1 0
gitlab.com/tbacompany/gitector/printer/console.go:14.2,15.21 2 0
gitlab.com/tbacompany/gitector/printer/console.go:10.33,13.3 2 0
gitlab.com/tbacompany/gitector/printer/console.go:15.21,17.3 1 0
gitlab.com/tbacompany/gitector/printer/console.go:17.8,19.3 1 0
gitlab.com/tbacompany/gitector/printer/html.go:10.51,13.21 2 1
gitlab.com/tbacompany/gitector/printer/html.go:19.2,19.33 1 1
gitlab.com/tbacompany/gitector/printer/html.go:22.2,22.36 1 1
gitlab.com/tbacompany/gitector/printer/html.go:13.21,15.3 1 1
gitlab.com/tbacompany/gitector/printer/html.go:15.8,17.3 1 0
gitlab.com/tbacompany/gitector/printer/html.go:19.33,21.3 1 2
gitlab.com/tbacompany/gitector/printer/markdown.go:11.55,12.22 1 1
gitlab.com/tbacompany/gitector/printer/markdown.go:16.2,18.33 3 1
gitlab.com/tbacompany/gitector/printer/markdown.go:21.2,21.25 1 1
gitlab.com/tbacompany/gitector/printer/markdown.go:12.22,14.3 1 0
gitlab.com/tbacompany/gitector/printer/markdown.go:18.33,20.3 1 2
mode: atomic
gitlab.com/tbacompany/gitector/reader/direct_input_reader.go:8.36,14.2 5 0
gitlab.com/tbacompany/gitector/reader/directory_reader.go:12.78,16.33 3 0
gitlab.com/tbacompany/gitector/reader/directory_reader.go:16.33,20.111 3 0
gitlab.com/tbacompany/gitector/reader/directory_reader.go:24.3,24.16 1 0
gitlab.com/tbacompany/gitector/reader/directory_reader.go:20.111,23.4 2 0
gitlab.com/tbacompany/gitector/reader/directory_reader.go:25.8,27.3 1 0
gitlab.com/tbacompany/gitector/reader/directory_reader.go:31.46,33.2 1 0
gitlab.com/tbacompany/gitector/reader/directory_reader.go:35.53,37.2 1 0
gitlab.com/tbacompany/gitector/reader/directory_reader.go:39.76,40.22 1 0
gitlab.com/tbacompany/gitector/reader/directory_reader.go:40.22,43.3 2 0
gitlab.com/tbacompany/gitector/reader/directory_reader.go:43.8,46.3 2 0
gitlab.com/tbacompany/gitector/reader/directory_reader.go:49.119,54.45 3 0
gitlab.com/tbacompany/gitector/reader/directory_reader.go:54.45,55.51 1 0
gitlab.com/tbacompany/gitector/reader/directory_reader.go:58.3,58.15 1 0
gitlab.com/tbacompany/gitector/reader/directory_reader.go:55.51,57.4 1 0
gitlab.com/tbacompany/gitector/reader/reader.go:25.58,26.36 1 0
gitlab.com/tbacompany/gitector/reader/reader.go:26.36,28.3 1 0
gitlab.com/tbacompany/gitector/reader/reader.go:28.8,30.3 1 0
gitlab.com/tbacompany/gitector/reader/converter.go:7.67,9.19 2 1
gitlab.com/tbacompany/gitector/reader/converter.go:9.19,11.3 1 0
gitlab.com/tbacompany/gitector/reader/converter.go:11.8,13.3 1 1
gitlab.com/tbacompany/gitector/reader/converter.go:16.50,24.2 4 2
mode: atomic
gitlab.com/tbacompany/gitector/rules/config.go:20.36,26.2 1 0
gitlab.com/tbacompany/gitector/rules/config.go:28.33,32.49 3 0
gitlab.com/tbacompany/gitector/rules/config.go:39.2,45.15 2 0
gitlab.com/tbacompany/gitector/rules/config.go:32.49,37.3 4 0
gitlab.com/tbacompany/gitector/rules/contain_email_address.go:10.62,12.30 2 3
gitlab.com/tbacompany/gitector/rules/contain_email_address.go:15.2,15.23 1 2
gitlab.com/tbacompany/gitector/rules/contain_email_address.go:19.2,19.36 1 2
gitlab.com/tbacompany/gitector/rules/contain_email_address.go:24.2,24.14 1 1
gitlab.com/tbacompany/gitector/rules/contain_email_address.go:12.30,14.3 1 1
gitlab.com/tbacompany/gitector/rules/contain_email_address.go:15.23,17.3 1 0
gitlab.com/tbacompany/gitector/rules/contain_email_address.go:19.36,20.38 1 3
gitlab.com/tbacompany/gitector/rules/contain_email_address.go:20.38,22.4 1 1
gitlab.com/tbacompany/gitector/rules/contain_email_address.go:27.96,34.2 1 0
gitlab.com/tbacompany/gitector/rules/max_characters.go:7.54,9.2 1 2
gitlab.com/tbacompany/gitector/rules/max_characters.go:11.88,18.2 1 0
gitlab.com/tbacompany/gitector/rules/rules.go:14.55,17.35 3 0
gitlab.com/tbacompany/gitector/rules/rules.go:21.2,21.15 1 0
gitlab.com/tbacompany/gitector/rules/rules.go:17.35,20.3 2 0
gitlab.com/tbacompany/gitector/rules/rules.go:24.82,27.61 2 0
gitlab.com/tbacompany/gitector/rules/rules.go:31.2,31.75 1 0
gitlab.com/tbacompany/gitector/rules/rules.go:35.2,35.67 1 0
gitlab.com/tbacompany/gitector/rules/rules.go:39.2,39.15 1 0
gitlab.com/tbacompany/gitector/rules/rules.go:27.61,29.3 1 0
gitlab.com/tbacompany/gitector/rules/rules.go:31.75,33.3 1 0
gitlab.com/tbacompany/gitector/rules/rules.go:35.67,37.3 1 0
gitlab.com/tbacompany/gitector/rules/ticket_number.go:10.62,13.2 2 2
gitlab.com/tbacompany/gitector/rules/ticket_number.go:15.96,22.2 1 0
mode: atomic
mode: atomic
mode: atomic
mode: atomic
gitlab.com/tbacompany/gitector/printer/console.go:9.50,10.33 1 0
gitlab.com/tbacompany/gitector/printer/console.go:14.2,15.21 2 0
gitlab.com/tbacompany/gitector/printer/console.go:10.33,13.3 2 0
gitlab.com/tbacompany/gitector/printer/console.go:15.21,17.3 1 0
gitlab.com/tbacompany/gitector/printer/console.go:17.8,19.3 1 0
gitlab.com/tbacompany/gitector/printer/html.go:10.51,13.21 2 1
gitlab.com/tbacompany/gitector/printer/html.go:19.2,19.33 1 1
gitlab.com/tbacompany/gitector/printer/html.go:22.2,22.36 1 1
gitlab.com/tbacompany/gitector/printer/html.go:13.21,15.3 1 1
gitlab.com/tbacompany/gitector/printer/html.go:15.8,17.3 1 0
gitlab.com/tbacompany/gitector/printer/html.go:19.33,21.3 1 2
gitlab.com/tbacompany/gitector/printer/markdown.go:11.55,12.22 1 1
gitlab.com/tbacompany/gitector/printer/markdown.go:16.2,18.33 3 1
gitlab.com/tbacompany/gitector/printer/markdown.go:21.2,21.25 1 1
gitlab.com/tbacompany/gitector/printer/markdown.go:12.22,14.3 1 0
gitlab.com/tbacompany/gitector/printer/markdown.go:18.33,20.3 1 2
mode: atomic
gitlab.com/tbacompany/gitector/reader/direct_input_reader.go:8.36,14.2 5 0
gitlab.com/tbacompany/gitector/reader/directory_reader.go:12.78,16.33 3 0
gitlab.com/tbacompany/gitector/reader/directory_reader.go:16.33,20.111 3 0
gitlab.com/tbacompany/gitector/reader/directory_reader.go:24.3,24.16 1 0
gitlab.com/tbacompany/gitector/reader/directory_reader.go:20.111,23.4 2 0
gitlab.com/tbacompany/gitector/reader/directory_reader.go:25.8,27.3 1 0
gitlab.com/tbacompany/gitector/reader/directory_reader.go:31.46,33.2 1 0
gitlab.com/tbacompany/gitector/reader/directory_reader.go:35.53,37.2 1 0
gitlab.com/tbacompany/gitector/reader/directory_reader.go:39.76,40.22 1 0
gitlab.com/tbacompany/gitector/reader/directory_reader.go:40.22,43.3 2 0
gitlab.com/tbacompany/gitector/reader/directory_reader.go:43.8,46.3 2 0
gitlab.com/tbacompany/gitector/reader/directory_reader.go:49.119,54.45 3 0
gitlab.com/tbacompany/gitector/reader/directory_reader.go:54.45,55.51 1 0
gitlab.com/tbacompany/gitector/reader/directory_reader.go:58.3,58.15 1 0
gitlab.com/tbacompany/gitector/reader/directory_reader.go:55.51,57.4 1 0
gitlab.com/tbacompany/gitector/reader/reader.go:25.58,26.36 1 0
gitlab.com/tbacompany/gitector/reader/reader.go:26.36,28.3 1 0
gitlab.com/tbacompany/gitector/reader/reader.go:28.8,30.3 1 0
gitlab.com/tbacompany/gitector/reader/converter.go:7.67,9.19 2 1
gitlab.com/tbacompany/gitector/reader/converter.go:9.19,11.3 1 0
gitlab.com/tbacompany/gitector/reader/converter.go:11.8,13.3 1 1
gitlab.com/tbacompany/gitector/reader/converter.go:16.50,24.2 4 2
mode: atomic
gitlab.com/tbacompany/gitector/rules/rules.go:14.55,17.35 3 0
gitlab.com/tbacompany/gitector/rules/rules.go:21.2,21.15 1 0
gitlab.com/tbacompany/gitector/rules/rules.go:17.35,20.3 2 0
gitlab.com/tbacompany/gitector/rules/rules.go:24.82,27.61 2 0
gitlab.com/tbacompany/gitector/rules/rules.go:31.2,31.75 1 0
gitlab.com/tbacompany/gitector/rules/rules.go:35.2,35.67 1 0
gitlab.com/tbacompany/gitector/rules/rules.go:39.2,39.15 1 0
gitlab.com/tbacompany/gitector/rules/rules.go:27.61,29.3 1 0
gitlab.com/tbacompany/gitector/rules/rules.go:31.75,33.3 1 0
gitlab.com/tbacompany/gitector/rules/rules.go:35.67,37.3 1 0
gitlab.com/tbacompany/gitector/rules/ticket_number.go:10.62,13.2 2 2
gitlab.com/tbacompany/gitector/rules/ticket_number.go:15.96,22.2 1 0
gitlab.com/tbacompany/gitector/rules/config.go:20.36,26.2 1 0
gitlab.com/tbacompany/gitector/rules/config.go:28.33,32.49 3 0
gitlab.com/tbacompany/gitector/rules/config.go:39.2,45.15 2 0
gitlab.com/tbacompany/gitector/rules/config.go:32.49,37.3 4 0
gitlab.com/tbacompany/gitector/rules/contain_email_address.go:10.62,12.30 2 3
gitlab.com/tbacompany/gitector/rules/contain_email_address.go:15.2,15.23 1 2
gitlab.com/tbacompany/gitector/rules/contain_email_address.go:19.2,19.36 1 2
gitlab.com/tbacompany/gitector/rules/contain_email_address.go:24.2,24.14 1 1
gitlab.com/tbacompany/gitector/rules/contain_email_address.go:12.30,14.3 1 1
gitlab.com/tbacompany/gitector/rules/contain_email_address.go:15.23,17.3 1 0
gitlab.com/tbacompany/gitector/rules/contain_email_address.go:19.36,20.38 1 3
gitlab.com/tbacompany/gitector/rules/contain_email_address.go:20.38,22.4 1 1
gitlab.com/tbacompany/gitector/rules/contain_email_address.go:27.96,34.2 1 0
gitlab.com/tbacompany/gitector/rules/max_characters.go:7.54,9.2 1 2
gitlab.com/tbacompany/gitector/rules/max_characters.go:11.88,18.2 1 0
mode: atomic
mode: atomic
mode: atomic
mode: atomic
mode: atomic
mode: atomic
mode: atomic
mode: atomic
gitlab.com/tbacompany/gitector/printer/console.go:9.50,10.33 1 0
gitlab.com/tbacompany/gitector/printer/console.go:14.2,15.21 2 0
gitlab.com/tbacompany/gitector/printer/console.go:10.33,13.3 2 0
gitlab.com/tbacompany/gitector/printer/console.go:15.21,17.3 1 0
gitlab.com/tbacompany/gitector/printer/console.go:17.8,19.3 1 0
gitlab.com/tbacompany/gitector/printer/html.go:11.51,14.21 2 1
gitlab.com/tbacompany/gitector/printer/html.go:22.2,22.48 1 1
gitlab.com/tbacompany/gitector/printer/html.go:14.21,16.34 2 1
gitlab.com/tbacompany/gitector/printer/html.go:16.34,18.4 1 2
gitlab.com/tbacompany/gitector/printer/html.go:19.8,21.3 1 0
gitlab.com/tbacompany/gitector/printer/markdown.go:11.55,12.22 1 1
gitlab.com/tbacompany/gitector/printer/markdown.go:16.2,18.33 3 1
gitlab.com/tbacompany/gitector/printer/markdown.go:21.2,21.25 1 1
gitlab.com/tbacompany/gitector/printer/markdown.go:12.22,14.3 1 0
gitlab.com/tbacompany/gitector/printer/markdown.go:18.33,20.3 1 2
mode: atomic
gitlab.com/tbacompany/gitector/reader/directory_reader.go:12.78,16.33 3 0
gitlab.com/tbacompany/gitector/reader/directory_reader.go:16.33,20.111 3 0
gitlab.com/tbacompany/gitector/reader/directory_reader.go:24.3,24.16 1 0
gitlab.com/tbacompany/gitector/reader/directory_reader.go:20.111,23.4 2 0
gitlab.com/tbacompany/gitector/reader/directory_reader.go:25.8,27.3 1 0
gitlab.com/tbacompany/gitector/reader/directory_reader.go:31.46,33.2 1 0
gitlab.com/tbacompany/gitector/reader/directory_reader.go:35.53,37.2 1 0
gitlab.com/tbacompany/gitector/reader/directory_reader.go:39.76,40.22 1 0
gitlab.com/tbacompany/gitector/reader/directory_reader.go:40.22,43.3 2 0
gitlab.com/tbacompany/gitector/reader/directory_reader.go:43.8,46.3 2 0
gitlab.com/tbacompany/gitector/reader/directory_reader.go:49.119,54.45 3 0
gitlab.com/tbacompany/gitector/reader/directory_reader.go:54.45,55.51 1 0
gitlab.com/tbacompany/gitector/reader/directory_reader.go:58.3,58.15 1 0
gitlab.com/tbacompany/gitector/reader/directory_reader.go:55.51,57.4 1 0
gitlab.com/tbacompany/gitector/reader/reader.go:25.58,26.36 1 0
gitlab.com/tbacompany/gitector/reader/reader.go:26.36,28.3 1 0
gitlab.com/tbacompany/gitector/reader/reader.go:28.8,30.3 1 0
gitlab.com/tbacompany/gitector/reader/converter.go:7.67,9.19 2 1
gitlab.com/tbacompany/gitector/reader/converter.go:9.19,11.3 1 0
gitlab.com/tbacompany/gitector/reader/converter.go:11.8,13.3 1 1
gitlab.com/tbacompany/gitector/reader/converter.go:16.50,24.2 4 2
gitlab.com/tbacompany/gitector/reader/direct_input_reader.go:8.36,14.2 5 0
mode: atomic
gitlab.com/tbacompany/gitector/rules/contain_email_address.go:10.62,12.30 2 3
gitlab.com/tbacompany/gitector/rules/contain_email_address.go:15.2,15.23 1 2
gitlab.com/tbacompany/gitector/rules/contain_email_address.go:19.2,19.36 1 2
gitlab.com/tbacompany/gitector/rules/contain_email_address.go:24.2,24.14 1 1
gitlab.com/tbacompany/gitector/rules/contain_email_address.go:12.30,14.3 1 1
gitlab.com/tbacompany/gitector/rules/contain_email_address.go:15.23,17.3 1 0
gitlab.com/tbacompany/gitector/rules/contain_email_address.go:19.36,20.38 1 3
gitlab.com/tbacompany/gitector/rules/contain_email_address.go:20.38,22.4 1 1
gitlab.com/tbacompany/gitector/rules/contain_email_address.go:27.96,34.2 1 0
gitlab.com/tbacompany/gitector/rules/max_characters.go:7.54,9.2 1 2
gitlab.com/tbacompany/gitector/rules/max_characters.go:11.88,18.2 1 0
gitlab.com/tbacompany/gitector/rules/rules.go:14.55,17.35 3 0
gitlab.com/tbacompany/gitector/rules/rules.go:21.2,21.15 1 0
gitlab.com/tbacompany/gitector/rules/rules.go:17.35,20.3 2 0
gitlab.com/tbacompany/gitector/rules/rules.go:24.82,27.61 2 0
gitlab.com/tbacompany/gitector/rules/rules.go:31.2,31.75 1 0
gitlab.com/tbacompany/gitector/rules/rules.go:35.2,35.67 1 0
gitlab.com/tbacompany/gitector/rules/rules.go:39.2,39.15 1 0
gitlab.com/tbacompany/gitector/rules/rules.go:27.61,29.3 1 0
gitlab.com/tbacompany/gitector/rules/rules.go:31.75,33.3 1 0
gitlab.com/tbacompany/gitector/rules/rules.go:35.67,37.3 1 0
gitlab.com/tbacompany/gitector/rules/ticket_number.go:10.62,13.2 2 2
gitlab.com/tbacompany/gitector/rules/ticket_number.go:15.96,22.2 1 0
gitlab.com/tbacompany/gitector/rules/config.go:20.36,26.2 1 0
gitlab.com/tbacompany/gitector/rules/config.go:28.33,32.49 3 0
gitlab.com/tbacompany/gitector/rules/config.go:39.2,45.15 2 0
gitlab.com/tbacompany/gitector/rules/config.go:32.49,37.3 4 0
mode: atomic
mode: atomic
mode: atomic
mode: atomic
mode: atomic
mode: atomic
mode: atomic
gitlab.com/tbacompany/gitector/printer/console.go:12.60,15.33 2 1
gitlab.com/tbacompany/gitector/printer/console.go:19.2,20.21 2 1
gitlab.com/tbacompany/gitector/printer/console.go:25.2,25.25 1 1
gitlab.com/tbacompany/gitector/printer/console.go:15.33,18.3 2 2
gitlab.com/tbacompany/gitector/printer/console.go:20.21,22.3 1 1
gitlab.com/tbacompany/gitector/printer/console.go:22.8,24.3 1 0
gitlab.com/tbacompany/gitector/printer/html.go:11.51,14.21 2 1
gitlab.com/tbacompany/gitector/printer/html.go:22.2,22.48 1 1
gitlab.com/tbacompany/gitector/printer/html.go:14.21,16.34 2 1
gitlab.com/tbacompany/gitector/printer/html.go:16.34,18.4 1 2
gitlab.com/tbacompany/gitector/printer/html.go:19.8,21.3 1 0
gitlab.com/tbacompany/gitector/printer/markdown.go:11.55,12.22 1 1
gitlab.com/tbacompany/gitector/printer/markdown.go:16.2,18.33 3 1
gitlab.com/tbacompany/gitector/printer/markdown.go:21.2,21.25 1 1
gitlab.com/tbacompany/gitector/printer/markdown.go:12.22,14.3 1 0
gitlab.com/tbacompany/gitector/printer/markdown.go:18.33,20.3 1 2
mode: atomic
gitlab.com/tbacompany/gitector/reader/direct_input_reader.go:8.36,14.2 5 0
gitlab.com/tbacompany/gitector/reader/directory_reader.go:12.78,16.33 3 0
gitlab.com/tbacompany/gitector/reader/directory_reader.go:16.33,20.111 3 0
gitlab.com/tbacompany/gitector/reader/directory_reader.go:24.3,24.16 1 0
gitlab.com/tbacompany/gitector/reader/directory_reader.go:20.111,23.4 2 0
gitlab.com/tbacompany/gitector/reader/directory_reader.go:25.8,27.3 1 0
gitlab.com/tbacompany/gitector/reader/directory_reader.go:31.46,33.2 1 0
gitlab.com/tbacompany/gitector/reader/directory_reader.go:35.53,37.2 1 0
gitlab.com/tbacompany/gitector/reader/directory_reader.go:39.76,40.22 1 0
gitlab.com/tbacompany/gitector/reader/directory_reader.go:40.22,43.3 2 0
gitlab.com/tbacompany/gitector/reader/directory_reader.go:43.8,46.3 2 0
gitlab.com/tbacompany/gitector/reader/directory_reader.go:49.119,54.45 3 0
gitlab.com/tbacompany/gitector/reader/directory_reader.go:54.45,55.51 1 0
gitlab.com/tbacompany/gitector/reader/directory_reader.go:58.3,58.15 1 0
gitlab.com/tbacompany/gitector/reader/directory_reader.go:55.51,57.4 1 0
gitlab.com/tbacompany/gitector/reader/reader.go:25.58,26.36 1 0
gitlab.com/tbacompany/gitector/reader/reader.go:26.36,28.3 1 0
gitlab.com/tbacompany/gitector/reader/reader.go:28.8,30.3 1 0
gitlab.com/tbacompany/gitector/reader/converter.go:7.67,9.19 2 1
gitlab.com/tbacompany/gitector/reader/converter.go:9.19,11.3 1 0
gitlab.com/tbacompany/gitector/reader/converter.go:11.8,13.3 1 1
gitlab.com/tbacompany/gitector/reader/converter.go:16.50,24.2 4 2
mode: atomic
gitlab.com/tbacompany/gitector/rules/config.go:20.36,26.2 1 0
gitlab.com/tbacompany/gitector/rules/config.go:28.33,32.49 3 0
gitlab.com/tbacompany/gitector/rules/config.go:39.2,45.15 2 0
gitlab.com/tbacompany/gitector/rules/config.go:32.49,37.3 4 0
gitlab.com/tbacompany/gitector/rules/contain_email_address.go:10.62,12.30 2 3
gitlab.com/tbacompany/gitector/rules/contain_email_address.go:15.2,15.23 1 2
gitlab.com/tbacompany/gitector/rules/contain_email_address.go:19.2,19.36 1 2
gitlab.com/tbacompany/gitector/rules/contain_email_address.go:24.2,24.14 1 1
gitlab.com/tbacompany/gitector/rules/contain_email_address.go:12.30,14.3 1 1
gitlab.com/tbacompany/gitector/rules/contain_email_address.go:15.23,17.3 1 0
gitlab.com/tbacompany/gitector/rules/contain_email_address.go:19.36,20.38 1 3
gitlab.com/tbacompany/gitector/rules/contain_email_address.go:20.38,22.4 1 1
gitlab.com/tbacompany/gitector/rules/contain_email_address.go:27.96,34.2 1 0
gitlab.com/tbacompany/gitector/rules/max_characters.go:7.54,9.2 1 2
gitlab.com/tbacompany/gitector/rules/max_characters.go:11.88,18.2 1 0
gitlab.com/tbacompany/gitector/rules/rules.go:14.55,17.35 3 0
gitlab.com/tbacompany/gitector/rules/rules.go:21.2,21.15 1 0
gitlab.com/tbacompany/gitector/rules/rules.go:17.35,20.3 2 0
gitlab.com/tbacompany/gitector/rules/rules.go:24.82,27.61 2 0
gitlab.com/tbacompany/gitector/rules/rules.go:31.2,31.75 1 0
gitlab.com/tbacompany/gitector/rules/rules.go:35.2,35.67 1 0
gitlab.com/tbacompany/gitector/rules/rules.go:39.2,39.15 1 0
gitlab.com/tbacompany/gitector/rules/rules.go:27.61,29.3 1 0
gitlab.com/tbacompany/gitector/rules/rules.go:31.75,33.3 1 0
gitlab.com/tbacompany/gitector/rules/rules.go:35.67,37.3 1 0
gitlab.com/tbacompany/gitector/rules/ticket_number.go:10.62,13.2 2 2
gitlab.com/tbacompany/gitector/rules/ticket_number.go:15.96,22.2 1 0
mode: atomic
mode: atomic
mode: atomic
gitlab.com/tbacompany/gitector/printer/console.go:12.60,15.33 2 1
gitlab.com/tbacompany/gitector/printer/console.go:19.2,20.21 2 1
gitlab.com/tbacompany/gitector/printer/console.go:25.2,25.25 1 1
gitlab.com/tbacompany/gitector/printer/console.go:15.33,18.3 2 2
gitlab.com/tbacompany/gitector/printer/console.go:20.21,22.3 1 1
gitlab.com/tbacompany/gitector/printer/console.go:22.8,24.3 1 0
gitlab.com/tbacompany/gitector/printer/html.go:11.51,14.21 2 1
gitlab.com/tbacompany/gitector/printer/html.go:22.2,22.48 1 1
gitlab.com/tbacompany/gitector/printer/html.go:14.21,16.34 2 1
gitlab.com/tbacompany/gitector/printer/html.go:16.34,18.4 1 2
gitlab.com/tbacompany/gitector/printer/html.go:19.8,21.3 1 0
gitlab.com/tbacompany/gitector/printer/markdown.go:11.55,12.22 1 1
gitlab.com/tbacompany/gitector/printer/markdown.go:16.2,18.33 3 1
gitlab.com/tbacompany/gitector/printer/markdown.go:21.2,21.25 1 1
gitlab.com/tbacompany/gitector/printer/markdown.go:12.22,14.3 1 0
gitlab.com/tbacompany/gitector/printer/markdown.go:18.33,20.3 1 2
mode: atomic
gitlab.com/tbacompany/gitector/reader/converter.go:7.67,9.19 2 1
gitlab.com/tbacompany/gitector/reader/converter.go:9.19,11.3 1 0
gitlab.com/tbacompany/gitector/reader/converter.go:11.8,13.3 1 1
gitlab.com/tbacompany/gitector/reader/converter.go:16.50,24.2 4 2
gitlab.com/tbacompany/gitector/reader/direct_input_reader.go:8.36,14.2 5 0
gitlab.com/tbacompany/gitector/reader/directory_reader.go:12.78,16.33 3 0
gitlab.com/tbacompany/gitector/reader/directory_reader.go:16.33,20.111 3 0
gitlab.com/tbacompany/gitector/reader/directory_reader.go:24.3,24.16 1 0
gitlab.com/tbacompany/gitector/reader/directory_reader.go:20.111,23.4 2 0
gitlab.com/tbacompany/gitector/reader/directory_reader.go:25.8,27.3 1 0
gitlab.com/tbacompany/gitector/reader/directory_reader.go:31.46,33.2 1 0
gitlab.com/tbacompany/gitector/reader/directory_reader.go:35.53,37.2 1 0
gitlab.com/tbacompany/gitector/reader/directory_reader.go:39.76,40.22 1 0
gitlab.com/tbacompany/gitector/reader/directory_reader.go:40.22,43.3 2 0
gitlab.com/tbacompany/gitector/reader/directory_reader.go:43.8,46.3 2 0
gitlab.com/tbacompany/gitector/reader/directory_reader.go:49.119,54.45 3 0
gitlab.com/tbacompany/gitector/reader/directory_reader.go:54.45,55.51 1 0
gitlab.com/tbacompany/gitector/reader/directory_reader.go:58.3,58.15 1 0
gitlab.com/tbacompany/gitector/reader/directory_reader.go:55.51,57.4 1 0
gitlab.com/tbacompany/gitector/reader/reader.go:25.58,26.36 1 0
gitlab.com/tbacompany/gitector/reader/reader.go:26.36,28.3 1 0
gitlab.com/tbacompany/gitector/reader/reader.go:28.8,30.3 1 0
mode: atomic
gitlab.com/tbacompany/gitector/rules/contain_email_address.go:10.62,12.30 2 3
gitlab.com/tbacompany/gitector/rules/contain_email_address.go:15.2,15.23 1 2
gitlab.com/tbacompany/gitector/rules/contain_email_address.go:19.2,19.36 1 2
gitlab.com/tbacompany/gitector/rules/contain_email_address.go:24.2,24.14 1 1
gitlab.com/tbacompany/gitector/rules/contain_email_address.go:12.30,14.3 1 1
gitlab.com/tbacompany/gitector/rules/contain_email_address.go:15.23,17.3 1 0
gitlab.com/tbacompany/gitector/rules/contain_email_address.go:19.36,20.38 1 3
gitlab.com/tbacompany/gitector/rules/contain_email_address.go:20.38,22.4 1 1
gitlab.com/tbacompany/gitector/rules/contain_email_address.go:27.96,34.2 1 0
gitlab.com/tbacompany/gitector/rules/max_characters.go:7.54,9.2 1 2
gitlab.com/tbacompany/gitector/rules/max_characters.go:11.88,18.2 1 0
gitlab.com/tbacompany/gitector/rules/rules.go:14.55,17.35 3 0
gitlab.com/tbacompany/gitector/rules/rules.go:21.2,21.15 1 0
gitlab.com/tbacompany/gitector/rules/rules.go:17.35,20.3 2 0
gitlab.com/tbacompany/gitector/rules/rules.go:24.82,27.61 2 0
gitlab.com/tbacompany/gitector/rules/rules.go:31.2,31.75 1 0
gitlab.com/tbacompany/gitector/rules/rules.go:35.2,35.67 1 0
gitlab.com/tbacompany/gitector/rules/rules.go:39.2,39.15 1 0
gitlab.com/tbacompany/gitector/rules/rules.go:27.61,29.3 1 0
gitlab.com/tbacompany/gitector/rules/rules.go:31.75,33.3 1 0
gitlab.com/tbacompany/gitector/rules/rules.go:35.67,37.3 1 0
gitlab.com/tbacompany/gitector/rules/ticket_number.go:10.62,13.2 2 2
gitlab.com/tbacompany/gitector/rules/ticket_number.go:15.96,22.2 1 0
gitlab.com/tbacompany/gitector/rules/config.go:20.36,26.2 1 0
gitlab.com/tbacompany/gitector/rules/config.go:28.33,32.49 3 0
gitlab.com/tbacompany/gitector/rules/config.go:39.2,45.15 2 0
gitlab.com/tbacompany/gitector/rules/config.go:32.49,37.3 4 0
mode: atomic
mode: atomic
mode: atomic
gitlab.com/tbacompany/gitector/printer/console.go:12.60,15.33 2 1
gitlab.com/tbacompany/gitector/printer/console.go:19.2,20.21 2 1
gitlab.com/tbacompany/gitector/printer/console.go:25.2,25.25 1 1
gitlab.com/tbacompany/gitector/printer/console.go:15.33,18.3 2 2
gitlab.com/tbacompany/gitector/printer/console.go:20.21,22.3 1 1
gitlab.com/tbacompany/gitector/printer/console.go:22.8,24.3 1 0
gitlab.com/tbacompany/gitector/printer/html.go:11.51,14.21 2 1
gitlab.com/tbacompany/gitector/printer/html.go:22.2,22.48 1 1
gitlab.com/tbacompany/gitector/printer/html.go:14.21,16.34 2 1
gitlab.com/tbacompany/gitector/printer/html.go:16.34,18.4 1 2
gitlab.com/tbacompany/gitector/printer/html.go:19.8,21.3 1 0
gitlab.com/tbacompany/gitector/printer/markdown.go:11.55,12.22 1 1
gitlab.com/tbacompany/gitector/printer/markdown.go:16.2,18.33 3 1
gitlab.com/tbacompany/gitector/printer/markdown.go:21.2,21.25 1 1
gitlab.com/tbacompany/gitector/printer/markdown.go:12.22,14.3 1 0
gitlab.com/tbacompany/gitector/printer/markdown.go:18.33,20.3 1 2
mode: atomic
gitlab.com/tbacompany/gitector/reader/converter.go:7.67,9.19 2 1
gitlab.com/tbacompany/gitector/reader/converter.go:9.19,11.3 1 0
gitlab.com/tbacompany/gitector/reader/converter.go:11.8,13.3 1 1
gitlab.com/tbacompany/gitector/reader/converter.go:16.50,24.2 4 2
gitlab.com/tbacompany/gitector/reader/direct_input_reader.go:8.36,14.2 5 0
gitlab.com/tbacompany/gitector/reader/directory_reader.go:12.78,16.33 3 0
gitlab.com/tbacompany/gitector/reader/directory_reader.go:16.33,20.111 3 0
gitlab.com/tbacompany/gitector/reader/directory_reader.go:24.3,24.16 1 0
gitlab.com/tbacompany/gitector/reader/directory_reader.go:20.111,23.4 2 0
gitlab.com/tbacompany/gitector/reader/directory_reader.go:25.8,27.3 1 0
gitlab.com/tbacompany/gitector/reader/directory_reader.go:31.46,33.2 1 0
gitlab.com/tbacompany/gitector/reader/directory_reader.go:35.53,37.2 1 0
gitlab.com/tbacompany/gitector/reader/directory_reader.go:39.76,40.22 1 0
gitlab.com/tbacompany/gitector/reader/directory_reader.go:40.22,43.3 2 0
gitlab.com/tbacompany/gitector/reader/directory_reader.go:43.8,46.3 2 0
gitlab.com/tbacompany/gitector/reader/directory_reader.go:49.119,54.45 3 0
gitlab.com/tbacompany/gitector/reader/directory_reader.go:54.45,55.51 1 0
gitlab.com/tbacompany/gitector/reader/directory_reader.go:58.3,58.15 1 0
gitlab.com/tbacompany/gitector/reader/directory_reader.go:55.51,57.4 1 0
gitlab.com/tbacompany/gitector/reader/reader.go:25.58,26.36 1 0
gitlab.com/tbacompany/gitector/reader/reader.go:26.36,28.3 1 0
gitlab.com/tbacompany/gitector/reader/reader.go:28.8,30.3 1 0
mode: atomic
gitlab.com/tbacompany/gitector/rules/contain_email_address.go:10.62,12.30 2 3
gitlab.com/tbacompany/gitector/rules/contain_email_address.go:15.2,15.23 1 2
gitlab.com/tbacompany/gitector/rules/contain_email_address.go:19.2,19.36 1 2
gitlab.com/tbacompany/gitector/rules/contain_email_address.go:24.2,24.14 1 1
gitlab.com/tbacompany/gitector/rules/contain_email_address.go:12.30,14.3 1 1
gitlab.com/tbacompany/gitector/rules/contain_email_address.go:15.23,17.3 1 0
gitlab.com/tbacompany/gitector/rules/contain_email_address.go:19.36,20.38 1 3
gitlab.com/tbacompany/gitector/rules/contain_email_address.go:20.38,22.4 1 1
gitlab.com/tbacompany/gitector/rules/contain_email_address.go:27.96,34.2 1 0
gitlab.com/tbacompany/gitector/rules/max_characters.go:7.54,9.2 1 2
gitlab.com/tbacompany/gitector/rules/max_characters.go:11.88,18.2 1 0
gitlab.com/tbacompany/gitector/rules/rules.go:14.55,17.35 3 0
gitlab.com/tbacompany/gitector/rules/rules.go:21.2,21.15 1 0
gitlab.com/tbacompany/gitector/rules/rules.go:17.35,20.3 2 0
gitlab.com/tbacompany/gitector/rules/rules.go:24.82,27.61 2 0
gitlab.com/tbacompany/gitector/rules/rules.go:31.2,31.75 1 0
gitlab.com/tbacompany/gitector/rules/rules.go:35.2,35.67 1 0
gitlab.com/tbacompany/gitector/rules/rules.go:39.2,39.15 1 0
gitlab.com/tbacompany/gitector/rules/rules.go:27.61,29.3 1 0
gitlab.com/tbacompany/gitector/rules/rules.go:31.75,33.3 1 0
gitlab.com/tbacompany/gitector/rules/rules.go:35.67,37.3 1 0
gitlab.com/tbacompany/gitector/rules/ticket_number.go:10.62,13.2 2 2
gitlab.com/tbacompany/gitector/rules/ticket_number.go:15.96,22.2 1 0
gitlab.com/tbacompany/gitector/rules/config.go:20.36,26.2 1 0
gitlab.com/tbacompany/gitector/rules/config.go:28.33,32.49 3 0
gitlab.com/tbacompany/gitector/rules/config.go:39.2,45.15 2 0
gitlab.com/tbacompany/gitector/rules/config.go:32.49,37.3 4 0
mode: atomic
